TpTrace Verbose: 0 : 22552, 1, 2023/01/02, 11:42:46.372, 16286525235793, datacollector.dll, Version: 17.4.0-release-20221019-01
TpTrace Information: 0 : 22552, 1, 2023/01/02, 11:42:46.379, 16286525300236, datacollector.dll, DataCollectorMain.Run: Starting data collector run with args: --port,51415,--parentprocessid,11984,--diag,C:\Users\Gokul\source\repos\Petzey.ViewAllPets.Service\ViewAllPet\bin\Debug\net6.0\fine-code-coverage\coverage-tool-output\diagnostics.datacollector.23-01-02_11-42-46_25694_1.log,--tracelevel,4
TpTrace Information: 0 : 22552, 1, 2023/01/02, 11:42:46.379, 16286525305303, datacollector.dll, DataCollector: Monitoring parent process with id: '11984'
TpTrace Information: 0 : 22552, 1, 2023/01/02, 11:42:46.383, 16286525344676, datacollector.dll, Trying to connect to server on socket : 127.0.0.1:51415 
TpTrace Verbose: 0 : 22552, 1, 2023/01/02, 11:42:46.392, 16286525437672, datacollector.dll, SocketCommunicationManager : SetupClientAsync : Attempting to connect to the server.
TpTrace Information: 0 : 22552, 6, 2023/01/02, 11:42:46.408, 16286525598055, datacollector.dll, Connected to the server successfully 
TpTrace Information: 0 : 22552, 6, 2023/01/02, 11:42:46.408, 16286525599352, datacollector.dll, Using the buffer size of 16384 bytes
TpTrace Information: 0 : 22552, 1, 2023/01/02, 11:42:46.479, 16286526308688, datacollector.dll, DataCollector: Start Request Processing.
TpTrace Verbose: 0 : 22552, 1, 2023/01/02, 11:42:46.480, 16286526311090, datacollector.dll, SocketCommunicationManager.WaitForServerConnection took: 0 ms, with 90000 ms timeout, and finished with True.
TpTrace Information: 0 : 22552, 1, 2023/01/02, 11:42:46.480, 16286526314188, datacollector.dll, DataCollectionRequestHandler.ProcessRequests: Datacollector received message: (DataCollection.BeforeTestRunStart) -> {"MessageType":"DataCollection.BeforeTestRunStart","Payload":{"SettingsXml":"<RunSettings><RunConfiguration><ResultsDirectory>C:\\Users\\Gokul\\source\\repos\\Petzey.ViewAllPets.Service\\ViewAllPet\\bin\\Debug\\net6.0\\fine-code-coverage\\coverage-tool-output</ResultsDirectory><TargetPlatform>X64</TargetPlatform><TargetFrameworkVersion>.NETCoreApp,Version=v6.0</TargetFrameworkVersion><DesignMode>False</DesignMode><CollectSourceInformation>False</CollectSourceInformation><TestAdaptersPaths>C:\\Program Files\\dotnet\\sdk\\7.0.101\\Extensions</TestAdaptersPaths></RunConfiguration><LoggerRunSettings><Loggers><Logger friendlyName=\"blame\" enabled=\"True\" /><Logger friendlyName=\"Console\" uri=\"logger://microsoft/TestPlatform/ConsoleLogger/v1\" assemblyQualifiedName=\"Microsoft.VisualStudio.TestPlatform.CommandLine.Internal.ConsoleLogger, vstest.console, Version=15.0.0.0, Culture=neutral, PublicKeyToken=b03f5f7f11d50a3a\" codeBase=\"C:\\Program Files\\dotnet\\sdk\\7.0.101\\vstest.console.dll\" enabled=\"True\" /></Loggers></LoggerRunSettings><DataCollectionRunSettings><DataCollectors><DataCollector friendlyName=\"blame\" enabled=\"True\"><Configuration><ResultsDirectory>C:\\Users\\Gokul\\source\\repos\\Petzey.ViewAllPets.Service\\ViewAllPet\\bin\\Debug\\net6.0\\fine-code-coverage\\coverage-tool-output</ResultsDirectory></Configuration></DataCollector></DataCollectors></DataCollectionRunSettings></RunSettings>","Sources":["C:\\Users\\Gokul\\source\\repos\\Petzey.ViewAllPets.Service\\ViewAllPet\\bin\\Debug\\net6.0\\fine-code-coverage\\build-output\\ViewAllPet.dll"],"IsTelemetryOptedIn":false}}
TpTrace Verbose: 0 : 22552, 1, 2023/01/02, 11:42:46.521, 16286526728702, datacollector.dll, TestPluginCache: Update extensions started. Skip filter = False
TpTrace Verbose: 0 : 22552, 1, 2023/01/02, 11:42:46.522, 16286526736835, datacollector.dll, TestPluginCache: Using directories for assembly resolution 'C:\Program Files\dotnet\sdk\7.0.101\Extensions'.
TpTrace Verbose: 0 : 22552, 1, 2023/01/02, 11:42:46.522, 16286526737570, datacollector.dll, TestPluginCache: Updated the available extensions to 'C:\Program Files\dotnet\sdk\7.0.101\Extensions\Microsoft.TestPlatform.Extensions.BlameDataCollector.dll,C:\Program Files\dotnet\sdk\7.0.101\Extensions\Microsoft.TestPlatform.Extensions.EventLogCollector.dll'.
TpTrace Verbose: 0 : 22552, 1, 2023/01/02, 11:42:46.527, 16286526785540, datacollector.dll, TestPluginCache.DiscoverTestExtensions: finding test extensions in assemblies ends with: Collector.dll TPluginInfo: Microsoft.VisualStudio.TestPlatform.Common.DataCollector.DataCollectorConfig TExtension: Microsoft.VisualStudio.TestPlatform.ObjectModel.DataCollection.DataCollector
TpTrace Verbose: 0 : 22552, 1, 2023/01/02, 11:42:46.527, 16286526787110, datacollector.dll, TestPluginCache.GetExtensionPaths: Filtered extension paths: C:\Program Files\dotnet\sdk\7.0.101\Extensions\Microsoft.TestPlatform.Extensions.BlameDataCollector.dll
C:\Program Files\dotnet\sdk\7.0.101\Extensions\Microsoft.TestPlatform.Extensions.EventLogCollector.dll
TpTrace Verbose: 0 : 22552, 1, 2023/01/02, 11:42:46.527, 16286526787357, datacollector.dll, TestPluginCache.GetExtensionPaths: Added default extension paths: 
TpTrace Verbose: 0 : 22552, 1, 2023/01/02, 11:42:46.527, 16286526787493, datacollector.dll, TestPluginCache.GetExtensionPaths: Added unfilterableExtensionPaths: 
TpTrace Information: 0 : 22552, 1, 2023/01/02, 11:42:46.528, 16286526792048, datacollector.dll, AssemblyResolver.ctor: Creating AssemblyResolver with searchDirectories C:\Program Files\dotnet\sdk\7.0.101\Extensions,C:\Program Files\dotnet\sdk\7.0.101
TpTrace Verbose: 0 : 22552, 1, 2023/01/02, 11:42:46.528, 16286526797430, datacollector.dll, TestPluginCache.DiscoverTestExtensions: Discovering the extensions using extension path.
TpTrace Verbose: 0 : 22552, 1, 2023/01/02, 11:42:46.528, 16286526798460, datacollector.dll, TestPluginCache.GetExtensionPaths: Filtered extension paths: C:\Program Files\dotnet\sdk\7.0.101\Extensions\Microsoft.TestPlatform.Extensions.BlameDataCollector.dll
C:\Program Files\dotnet\sdk\7.0.101\Extensions\Microsoft.TestPlatform.Extensions.EventLogCollector.dll
TpTrace Verbose: 0 : 22552, 1, 2023/01/02, 11:42:46.528, 16286526798720, datacollector.dll, TestPluginCache.GetExtensionPaths: Added default extension paths: 
TpTrace Verbose: 0 : 22552, 1, 2023/01/02, 11:42:46.528, 16286526798858, datacollector.dll, TestPluginCache.GetExtensionPaths: Added unfilterableExtensionPaths: 
TpTrace Verbose: 0 : 22552, 1, 2023/01/02, 11:42:46.528, 16286526799106, datacollector.dll, TestPluginCache.DiscoverTestExtensions: Discovering the extensions using allExtensionPaths: C:\Program Files\dotnet\sdk\7.0.101\Extensions\Microsoft.TestPlatform.Extensions.BlameDataCollector.dll
C:\Program Files\dotnet\sdk\7.0.101\Extensions\Microsoft.TestPlatform.Extensions.EventLogCollector.dll
TpTrace Information: 0 : 22552, 1, 2023/01/02, 11:42:46.528, 16286526799481, datacollector.dll, AssemblyResolver.AddSearchDirectories: Adding more searchDirectories C:\Program Files\dotnet\sdk\7.0.101\Extensions,C:\Program Files\dotnet\sdk\7.0.101
TpTrace Information: 0 : 22552, 1, 2023/01/02, 11:42:46.528, 16286526799782, datacollector.dll, AssemblyResolver.AddSearchDirectories: Adding more searchDirectories C:\Program Files\dotnet\sdk\7.0.101\Extensions,C:\Program Files\dotnet\sdk\7.0.101
TpTrace Information: 0 : 22552, 1, 2023/01/02, 11:42:46.529, 16286526803002, datacollector.dll, AssemblyResolver.OnResolve: Microsoft.TestPlatform.Extensions.BlameDataCollector: Resolving assembly.
TpTrace Information: 0 : 22552, 1, 2023/01/02, 11:42:46.529, 16286526803414, datacollector.dll, AssemblyResolver.OnResolve: Microsoft.TestPlatform.Extensions.BlameDataCollector: Searching in: 'C:\Program Files\dotnet\sdk\7.0.101\Extensions'.
TpTrace Information: 0 : 22552, 1, 2023/01/02, 11:42:46.536, 16286526874251, datacollector.dll, AssemblyResolver.OnResolve: Microsoft.TestPlatform.Extensions.BlameDataCollector: Loading assembly 'C:\Program Files\dotnet\sdk\7.0.101\Extensions\Microsoft.TestPlatform.Extensions.BlameDataCollector.dll'.
TpTrace Information: 0 : 22552, 1, 2023/01/02, 11:42:46.537, 16286526881612, datacollector.dll, AssemblyResolver.OnResolve: Resolved assembly: Microsoft.TestPlatform.Extensions.BlameDataCollector, from path: C:\Program Files\dotnet\sdk\7.0.101\Extensions\Microsoft.TestPlatform.Extensions.BlameDataCollector.dll
TpTrace Verbose: 0 : 22552, 1, 2023/01/02, 11:42:46.538, 16286526893949, datacollector.dll, MetadataReaderExtensionsHelper: Discovering extensions inside assembly 'Microsoft.TestPlatform.Extensions.BlameDataCollector, Version=15.0.0.0, Culture=neutral, PublicKeyToken=b03f5f7f11d50a3a' file path 'C:\Program Files\dotnet\sdk\7.0.101\Extensions\Microsoft.TestPlatform.Extensions.BlameDataCollector.dll'
TpTrace Error: 0 : 22552, 1, 2023/01/02, 11:42:46.541, 16286526929206, datacollector.dll, The type "Microsoft.TestPlatform.Extensions.BlameDataCollector.BlameCollector" defined in "Microsoft.TestPlatform.Extensions.BlameDataCollector.dll" does not have ExtensionUri attribute.
TpTrace Information: 0 : 22552, 1, 2023/01/02, 11:42:46.542, 16286526936799, datacollector.dll, GetTestExtensionFromType: Register extension with identifier data 'datacollector://microsoft/TestPlatform/Extensions/Blame/v1' and type 'Microsoft.TestPlatform.Extensions.BlameDataCollector.BlameCollector, Microsoft.TestPlatform.Extensions.BlameDataCollector, Version=15.0.0.0, Culture=neutral, PublicKeyToken=b03f5f7f11d50a3a' inside file 'C:\Program Files\dotnet\sdk\7.0.101\Extensions\Microsoft.TestPlatform.Extensions.BlameDataCollector.dll'
TpTrace Information: 0 : 22552, 1, 2023/01/02, 11:42:46.542, 16286526937750, datacollector.dll, AssemblyResolver.OnResolve: Microsoft.TestPlatform.Extensions.EventLogCollector: Resolving assembly.
TpTrace Information: 0 : 22552, 1, 2023/01/02, 11:42:46.542, 16286526937977, datacollector.dll, AssemblyResolver.OnResolve: Microsoft.TestPlatform.Extensions.EventLogCollector: Searching in: 'C:\Program Files\dotnet\sdk\7.0.101\Extensions'.
TpTrace Information: 0 : 22552, 1, 2023/01/02, 11:42:46.543, 16286526944188, datacollector.dll, AssemblyResolver.OnResolve: Microsoft.TestPlatform.Extensions.EventLogCollector: Loading assembly 'C:\Program Files\dotnet\sdk\7.0.101\Extensions\Microsoft.TestPlatform.Extensions.EventLogCollector.dll'.
TpTrace Information: 0 : 22552, 1, 2023/01/02, 11:42:46.543, 16286526949104, datacollector.dll, AssemblyResolver.OnResolve: Resolved assembly: Microsoft.TestPlatform.Extensions.EventLogCollector, from path: C:\Program Files\dotnet\sdk\7.0.101\Extensions\Microsoft.TestPlatform.Extensions.EventLogCollector.dll
TpTrace Verbose: 0 : 22552, 1, 2023/01/02, 11:42:46.543, 16286526950078, datacollector.dll, MetadataReaderExtensionsHelper: Discovering extensions inside assembly 'Microsoft.TestPlatform.Extensions.EventLogCollector, Version=15.0.0.0, Culture=neutral, PublicKeyToken=b03f5f7f11d50a3a' file path 'C:\Program Files\dotnet\sdk\7.0.101\Extensions\Microsoft.TestPlatform.Extensions.EventLogCollector.dll'
TpTrace Error: 0 : 22552, 1, 2023/01/02, 11:42:46.546, 16286526972128, datacollector.dll, The type "Microsoft.TestPlatform.Extensions.EventLogCollector.EventLogDataCollector" defined in "Microsoft.TestPlatform.Extensions.EventLogCollector.dll" does not have ExtensionUri attribute.
TpTrace Information: 0 : 22552, 1, 2023/01/02, 11:42:46.546, 16286526973740, datacollector.dll, GetTestExtensionFromType: Register extension with identifier data 'datacollector://microsoft/EventLog/2.0' and type 'Microsoft.TestPlatform.Extensions.EventLogCollector.EventLogDataCollector, Microsoft.TestPlatform.Extensions.EventLogCollector, Version=15.0.0.0, Culture=neutral, PublicKeyToken=b03f5f7f11d50a3a' inside file 'C:\Program Files\dotnet\sdk\7.0.101\Extensions\Microsoft.TestPlatform.Extensions.EventLogCollector.dll'
TpTrace Verbose: 0 : 22552, 1, 2023/01/02, 11:42:46.546, 16286526975844, datacollector.dll, TestPluginCache: Discovered the extensions using extension path 'C:\Program Files\dotnet\sdk\7.0.101\Extensions\Microsoft.TestPlatform.Extensions.BlameDataCollector.dll,C:\Program Files\dotnet\sdk\7.0.101\Extensions\Microsoft.TestPlatform.Extensions.EventLogCollector.dll'.
TpTrace Verbose: 0 : 22552, 1, 2023/01/02, 11:42:46.546, 16286526976249, datacollector.dll, TestPluginCache: Discoverers are ''.
TpTrace Verbose: 0 : 22552, 1, 2023/01/02, 11:42:46.546, 16286526976389, datacollector.dll, TestPluginCache: Executors are ''.
TpTrace Verbose: 0 : 22552, 1, 2023/01/02, 11:42:46.546, 16286526976600, datacollector.dll, TestPluginCache: Executors2 are ''.
TpTrace Verbose: 0 : 22552, 1, 2023/01/02, 11:42:46.546, 16286526976741, datacollector.dll, TestPluginCache: Setting providers are ''.
TpTrace Verbose: 0 : 22552, 1, 2023/01/02, 11:42:46.546, 16286526976868, datacollector.dll, TestPluginCache: Loggers are ''.
TpTrace Verbose: 0 : 22552, 1, 2023/01/02, 11:42:46.546, 16286526976990, datacollector.dll, TestPluginCache: TestHosts are ''.
TpTrace Verbose: 0 : 22552, 1, 2023/01/02, 11:42:46.546, 16286526978363, datacollector.dll, TestPluginCache: DataCollectors are 'datacollector://microsoft/TestPlatform/Extensions/Blame/v1,datacollector://microsoft/EventLog/2.0'.
TpTrace Information: 0 : 22552, 1, 2023/01/02, 11:42:46.547, 16286526989668, datacollector.dll, TestPluginManager.CreateTestExtension: Attempting to load test extension: Microsoft.TestPlatform.Extensions.BlameDataCollector.BlameCollector
TpTrace Verbose: 0 : 22552, 1, 2023/01/02, 11:42:46.552, 16286527037630, datacollector.dll, MulticastDelegateUtilities.SafeInvoke: DataCollectionEvents.SessionStart: Invoking callbacks was skipped because there are no subscribers.
TpTrace Information: 0 : 22552, 1, 2023/01/02, 11:42:46.553, 16286527041152, datacollector.dll, Listening on Endpoint : 127.0.0.1:51420
TpTrace Information: 0 : 22552, 1, 2023/01/02, 11:42:46.560, 16286527112279, datacollector.dll, DataCollectionRequestHandler.ProcessRequests : DataCollection started.
TpTrace Information: 0 : 22552, 1, 2023/01/02, 11:42:46.574, 16286527258679, datacollector.dll, DataCollectionRequestHandler.ProcessRequests: Datacollector received message: (DataCollection.TestHostLaunched) -> {"MessageType":"DataCollection.TestHostLaunched","Payload":{"ProcessId":27256}}
TpTrace Verbose: 0 : 22552, 1, 2023/01/02, 11:42:46.576, 16286527276267, datacollector.dll, MulticastDelegateUtilities.SafeInvoke: DataCollectionEvents.TestHostLaunched: Invoking callback 1/1 for Microsoft.TestPlatform.Extensions.BlameDataCollector.BlameCollector., took 0 ms.
TpTrace Information: 0 : 22552, 8, 2023/01/02, 11:42:46.744, 16286528952288, datacollector.dll, Using the buffer size of 16384 bytes
TpTrace Verbose: 0 : 22552, 6, 2023/01/02, 11:42:46.744, 16286528952346, datacollector.dll, SocketCommunicationManager.WaitForClientConnection took: 188 ms, with 90000 ms timeout, and finished with True.
TpTrace Information: 0 : 22552, 8, 2023/01/02, 11:42:46.744, 16286528953321, datacollector.dll, Accepted Client request and set the flag
TpTrace Information: 0 : 22552, 6, 2023/01/02, 11:42:47.101, 16286532521842, datacollector.dll, DataCollectionTestCaseEventHandler: Test case starting.
TpTrace Information: 0 : 22552, 6, 2023/01/02, 11:42:47.184, 16286533351251, datacollector.dll, BlameCollector.EventsTestCaseStart: Test Case Start
TpTrace Verbose: 0 : 22552, 6, 2023/01/02, 11:42:47.184, 16286533353650, datacollector.dll, MulticastDelegateUtilities.SafeInvoke: DataCollectionEvents.TestCaseStart: Invoking callback 1/1 for Microsoft.TestPlatform.Extensions.BlameDataCollector.BlameCollector., took 0 ms.
TpTrace Information: 0 : 22552, 6, 2023/01/02, 11:42:47.184, 16286533355855, datacollector.dll, DataCollectionTestCaseEventHandler: Test case 'TestMethod1 - 9ad34625-c7b3-5ce5-9890-e9295265bdfb' started.
TpTrace Information: 0 : 22552, 6, 2023/01/02, 11:42:49.440, 16286555914023, datacollector.dll, DataCollectionTestCaseEventHandler: Test case completing.
TpTrace Information: 0 : 22552, 6, 2023/01/02, 11:42:49.445, 16286555963791, datacollector.dll, BlameCollector.EventsTestCaseEnd: Test Case End
TpTrace Verbose: 0 : 22552, 6, 2023/01/02, 11:42:49.445, 16286555967607, datacollector.dll, MulticastDelegateUtilities.SafeInvoke: DataCollectionEvents.TestCaseEnd: Invoking callback 1/1 for Microsoft.TestPlatform.Extensions.BlameDataCollector.BlameCollector., took 0 ms.
TpTrace Information: 0 : 22552, 6, 2023/01/02, 11:42:49.448, 16286555990589, datacollector.dll, DataCollectionTestCaseEventHandler: Test case 'TestMethod1 - 9ad34625-c7b3-5ce5-9890-e9295265bdfb' completed
TpTrace Information: 0 : 22552, 6, 2023/01/02, 11:42:49.461, 16286556121974, datacollector.dll, DataCollectionTestCaseEventHandler: Test case starting.
TpTrace Information: 0 : 22552, 6, 2023/01/02, 11:42:49.462, 16286556130794, datacollector.dll, BlameCollector.EventsTestCaseStart: Test Case Start
TpTrace Verbose: 0 : 22552, 6, 2023/01/02, 11:42:49.462, 16286556131725, datacollector.dll, MulticastDelegateUtilities.SafeInvoke: DataCollectionEvents.TestCaseStart: Invoking callback 1/1 for Microsoft.TestPlatform.Extensions.BlameDataCollector.BlameCollector., took 0 ms.
TpTrace Information: 0 : 22552, 6, 2023/01/02, 11:42:49.462, 16286556133814, datacollector.dll, DataCollectionTestCaseEventHandler: Test case 'TestMethod2 - d2349a66-f051-722c-8a11-4af145d289c9' started.
TpTrace Information: 0 : 22552, 6, 2023/01/02, 11:42:49.464, 16286556151961, datacollector.dll, DataCollectionTestCaseEventHandler: Test case completing.
TpTrace Information: 0 : 22552, 6, 2023/01/02, 11:42:49.464, 16286556160103, datacollector.dll, BlameCollector.EventsTestCaseEnd: Test Case End
TpTrace Verbose: 0 : 22552, 6, 2023/01/02, 11:42:49.465, 16286556160718, datacollector.dll, MulticastDelegateUtilities.SafeInvoke: DataCollectionEvents.TestCaseEnd: Invoking callback 1/1 for Microsoft.TestPlatform.Extensions.BlameDataCollector.BlameCollector., took 0 ms.
TpTrace Information: 0 : 22552, 6, 2023/01/02, 11:42:49.465, 16286556162554, datacollector.dll, DataCollectionTestCaseEventHandler: Test case 'TestMethod2 - d2349a66-f051-722c-8a11-4af145d289c9' completed
TpTrace Information: 0 : 22552, 6, 2023/01/02, 11:42:49.470, 16286556210692, datacollector.dll, DataCollectionTestCaseEventHandler: Test session ended
TpTrace Information: 0 : 22552, 1, 2023/01/02, 11:42:49.531, 16286556829138, datacollector.dll, DataCollectionRequestHandler.ProcessRequests: Datacollector received message: (DataCollection.AfterTestRunEnd) -> {"MessageType":"DataCollection.AfterTestRunEnd","Payload":false}
TpTrace Information: 0 : 22552, 1, 2023/01/02, 11:42:49.532, 16286556839132, datacollector.dll, Blame Collector: Session End
TpTrace Information: 0 : 22552, 1, 2023/01/02, 11:42:49.532, 16286556839934, datacollector.dll, BlameCollector.CollectDumpAndAbortTesthost: Custom path to dump directory was provided via VSTEST_DUMP_PATH. Skipping attachment upload, the caller is responsible for collecting and uploading the dumps themselves.
TpTrace Verbose: 0 : 22552, 1, 2023/01/02, 11:42:49.533, 16286556840537, datacollector.dll, MulticastDelegateUtilities.SafeInvoke: DataCollectionEvents.SessionEnd: Invoking callback 1/1 for Microsoft.TestPlatform.Extensions.BlameDataCollector.BlameCollector., took 0 ms.
TpTrace Information: 0 : 22552, 1, 2023/01/02, 11:42:49.533, 16286556847213, datacollector.dll, DataCollectionManager.CleanupPlugins: CleanupPlugins called
TpTrace Verbose: 0 : 22552, 1, 2023/01/02, 11:42:49.533, 16286556847714, datacollector.dll, DataCollectionManager.CleanupPlugins: Cleaning up 1 plugins
TpTrace Verbose: 0 : 22552, 1, 2023/01/02, 11:42:49.533, 16286556850112, datacollector.dll, dataCollectorInfo.DisposeDataCollector: calling Dispose() on Microsoft.TestPlatform.Extensions.BlameDataCollector.BlameCollector
TpTrace Information: 0 : 22552, 1, 2023/01/02, 11:42:49.534, 16286556850794, datacollector.dll, DataCollectionManager.CleanupPlugins: CleanupPlugins finished
TpTrace Information: 0 : 22552, 1, 2023/01/02, 11:42:49.543, 16286556941913, datacollector.dll, DataCollectionRequestHandler.ProcessRequests : Session End message received from server. Closing the connection.
TpTrace Information: 0 : 22552, 1, 2023/01/02, 11:42:49.543, 16286556944622, datacollector.dll, Closing the connection !
TpTrace Information: 0 : 22552, 1, 2023/01/02, 11:42:49.543, 16286556945100, datacollector.dll, DataCollectionRequestHandler.ProcessRequests : DataCollection completed
TpTrace Information: 0 : 22552, 1, 2023/01/02, 11:42:49.543, 16286556945334, datacollector.dll, Program.Main: exiting datacollector process.
