TpTrace Verbose: 0 : 27256, 1, 2023/01/02, 11:42:46.714, 16286528654165, testhost.dll, Version: 17.3.2 Current process architecture: X64
TpTrace Verbose: 0 : 27256, 1, 2023/01/02, 11:42:46.717, 16286528681205, testhost.dll, Runtime location: C:\Program Files\dotnet\shared\Microsoft.NETCore.App\6.0.12
TpTrace Information: 0 : 27256, 1, 2023/01/02, 11:42:46.719, 16286528705864, testhost.dll, DefaultEngineInvoker.Invoke: Testhost process started with args :[--port, 51421],[--endpoint, 127.0.0.1:051421],[--role, client],[--parentprocessid, 11984],[--diag, C:\Users\Gokul\source\repos\Petzey.ViewAllPets.Service\ViewAllPet\bin\Debug\net6.0\fine-code-coverage\coverage-tool-output\diagnostics.host.23-01-02_11-42-46_56571_10.log],[--tracelevel, 4],[--datacollectionport, 51420],[--telemetryoptedin, false]
TpTrace Information: 0 : 27256, 1, 2023/01/02, 11:42:46.721, 16286528723600, testhost.dll, Setting up debug trace listener.
TpTrace Verbose: 0 : 27256, 1, 2023/01/02, 11:42:46.721, 16286528725472, testhost.dll, TestPlatformTraceListener.Setup: Replacing listener System.Diagnostics.DefaultTraceListener with TestHostTraceListener.
TpTrace Verbose: 0 : 27256, 1, 2023/01/02, 11:42:46.721, 16286528725809, testhost.dll, TestPlatformTraceListener.Setup: Added test platform trace listener.
TpTrace Information: 0 : 27256, 1, 2023/01/02, 11:42:46.722, 16286528730699, testhost.dll, DefaultEngineInvoker.SetParentProcessExitCallback: Monitoring parent process with id: '11984'
TpTrace Information: 0 : 27256, 1, 2023/01/02, 11:42:46.725, 16286528769909, testhost.dll, DefaultEngineInvoker.GetConnectionInfo: Initialize communication on endpoint address: '127.0.0.1:051421'
TpTrace Information: 0 : 27256, 1, 2023/01/02, 11:42:46.732, 16286528837268, testhost.dll, SocketClient.Start: connecting to server endpoint: 127.0.0.1:051421
TpTrace Information: 0 : 27256, 1, 2023/01/02, 11:42:46.737, 16286528889462, testhost.dll, DefaultEngineInvoker.ConnectToDatacollector: Connecting to datacollector, port: 51420
TpTrace Information: 0 : 27256, 1, 2023/01/02, 11:42:46.741, 16286528927037, testhost.dll, Trying to connect to server on socket : 127.0.0.1:51420 
TpTrace Information: 0 : 27256, 9, 2023/01/02, 11:42:46.741, 16286528928126, testhost.dll, SocketClient.OnServerConnected: connected to server endpoint: 127.0.0.1:051421
TpTrace Verbose: 0 : 27256, 1, 2023/01/02, 11:42:46.742, 16286528930521, testhost.dll, SocketCommunicationManager : SetupClientAsync : Attempting to connect to the server.
TpTrace Information: 0 : 27256, 10, 2023/01/02, 11:42:46.743, 16286528948131, testhost.dll, Connected to the server successfully 
TpTrace Information: 0 : 27256, 10, 2023/01/02, 11:42:46.743, 16286528949124, testhost.dll, Using the buffer size of 16384 bytes
TpTrace Verbose: 0 : 27256, 1, 2023/01/02, 11:42:46.744, 16286528950147, testhost.dll, SocketCommunicationManager.WaitForServerConnection took: 0 ms, with 90000 ms timeout, and finished with True.
TpTrace Information: 0 : 27256, 1, 2023/01/02, 11:42:46.744, 16286528950897, testhost.dll, DefaultEngineInvoker.Invoke: Start Request Processing.
TpTrace Verbose: 0 : 27256, 9, 2023/01/02, 11:42:46.744, 16286528955455, testhost.dll, MulticastDelegateUtilities.SafeInvoke: SocketClient: ServerConnected: Invoking callback 1/1 for Microsoft.VisualStudio.TestPlatform.CommunicationUtilities.TestRequestHandler.<InitializeCommunication>b__31_0, took 0 ms.
TpTrace Verbose: 0 : 27256, 9, 2023/01/02, 11:42:46.744, 16286528956106, testhost.dll, Connected to server, and starting MessageLoopAsync
TpTrace Information: 0 : 27256, 12, 2023/01/02, 11:42:46.744, 16286528958543, testhost.dll, DefaultEngineInvoker.StartProcessingAsync: Connected to vstest.console, Starting process requests.
TpTrace Verbose: 0 : 27256, 11, 2023/01/02, 11:42:46.747, 16286528986649, testhost.dll, TcpClientExtensions.MessageLoopAsync: Polling on remoteEndPoint: [::ffff:127.0.0.1]:51421 localEndPoint: [::ffff:127.0.0.1]:51422
TpTrace Verbose: 0 : 27256, 11, 2023/01/02, 11:42:46.747, 16286528988875, testhost.dll, TcpClientExtensions.MessageLoopAsync: NotifyDataAvailable remoteEndPoint: [::ffff:127.0.0.1]:51421 localEndPoint: [::ffff:127.0.0.1]:51422
TpTrace Information: 0 : 27256, 11, 2023/01/02, 11:42:46.750, 16286529018266, testhost.dll, TestRequestHandler.OnMessageReceived: received message: (ProtocolVersion) -> {"MessageType":"ProtocolVersion","Payload":7}
TpTrace Verbose: 0 : 27256, 11, 2023/01/02, 11:42:46.850, 16286530017849, testhost.dll, TestRequestHandler.SendData: sending data from testhost: {"Version":7,"MessageType":"TestSession.Message","Payload":{"MessageLevel":0,"Message":"Logging TestHost Diagnostics in file: C:\\Users\\Gokul\\source\\repos\\Petzey.ViewAllPets.Service\\ViewAllPet\\bin\\Debug\\net6.0\\fine-code-coverage\\coverage-tool-output\\diagnostics.host.23-01-02_11-42-46_56571_10.log"}}
TpTrace Verbose: 0 : 27256, 11, 2023/01/02, 11:42:46.851, 16286530020168, testhost.dll, MulticastDelegateUtilities.SafeInvoke: LengthPrefixCommunicationChannel: MessageReceived: Invoking callback 1/1 for Microsoft.VisualStudio.TestPlatform.CommunicationUtilities.TestRequestHandler.OnMessageReceived, took 102 ms.
TpTrace Verbose: 0 : 27256, 11, 2023/01/02, 11:42:46.851, 16286530020721, testhost.dll, TcpClientExtensions.MessageLoopAsync: Polling on remoteEndPoint: [::ffff:127.0.0.1]:51421 localEndPoint: [::ffff:127.0.0.1]:51422
TpTrace Verbose: 0 : 27256, 11, 2023/01/02, 11:42:46.851, 16286530021098, testhost.dll, TcpClientExtensions.MessageLoopAsync: NotifyDataAvailable remoteEndPoint: [::ffff:127.0.0.1]:51421 localEndPoint: [::ffff:127.0.0.1]:51422
TpTrace Information: 0 : 27256, 11, 2023/01/02, 11:42:46.851, 16286530021917, testhost.dll, TestRequestHandler.OnMessageReceived: received message: (TestExecution.Initialize) -> {"Version":7,"MessageType":"TestExecution.Initialize","Payload":["C:\\Users\\Gokul\\source\\repos\\Petzey.ViewAllPets.Service\\ViewAllPet\\bin\\Debug\\net6.0\\fine-code-coverage\\build-output\\Microsoft.VisualStudio.TestPlatform.MSTest.TestAdapter.dll"]}
TpTrace Verbose: 0 : 27256, 11, 2023/01/02, 11:42:46.858, 16286530090758, testhost.dll, MulticastDelegateUtilities.SafeInvoke: LengthPrefixCommunicationChannel: MessageReceived: Invoking callback 1/1 for Microsoft.VisualStudio.TestPlatform.CommunicationUtilities.TestRequestHandler.OnMessageReceived, took 6 ms.
TpTrace Verbose: 0 : 27256, 11, 2023/01/02, 11:42:46.858, 16286530091758, testhost.dll, TcpClientExtensions.MessageLoopAsync: Polling on remoteEndPoint: [::ffff:127.0.0.1]:51421 localEndPoint: [::ffff:127.0.0.1]:51422
TpTrace Information: 0 : 27256, 4, 2023/01/02, 11:42:46.858, 16286530093701, testhost.dll, TestRequestHandler.OnMessageReceived: Running job 'TestExecution.Initialize'.
TpTrace Verbose: 0 : 27256, 4, 2023/01/02, 11:42:46.859, 16286530107319, testhost.dll, TestExecutorService: Loading the extensions
TpTrace Verbose: 0 : 27256, 4, 2023/01/02, 11:42:46.860, 16286530119601, testhost.dll, TestPluginCache.DiscoverTestExtensions: finding test extensions in assemblies ends with: TestAdapter.dll TPluginInfo: Microsoft.VisualStudio.TestPlatform.Common.ExtensionFramework.Utilities.TestExecutorPluginInformation TExtension: Microsoft.VisualStudio.TestPlatform.ObjectModel.Adapter.ITestExecutor
TpTrace Verbose: 0 : 27256, 4, 2023/01/02, 11:42:46.861, 16286530125367, testhost.dll, TestPluginCache.GetExtensionPaths: Filtered extension paths: 
TpTrace Verbose: 0 : 27256, 4, 2023/01/02, 11:42:46.861, 16286530127665, testhost.dll, TestPluginCache.GetExtensionPaths: Added default extension paths: C:\Users\Gokul\source\repos\Petzey.ViewAllPets.Service\ViewAllPet\bin\Debug\net6.0\fine-code-coverage\build-output\Microsoft.VisualStudio.TestPlatform.MSTest.TestAdapter.dll
TpTrace Verbose: 0 : 27256, 4, 2023/01/02, 11:42:46.861, 16286530127955, testhost.dll, TestPluginCache.GetExtensionPaths: Added unfilterableExtensionPaths: 
TpTrace Information: 0 : 27256, 4, 2023/01/02, 11:42:46.862, 16286530136667, testhost.dll, AssemblyResolver.ctor: Creating AssemblyResolver with searchDirectories C:\Users\Gokul\source\repos\Petzey.ViewAllPets.Service\ViewAllPet\bin\Debug\net6.0\fine-code-coverage\build-output
TpTrace Verbose: 0 : 27256, 4, 2023/01/02, 11:42:46.863, 16286530146222, testhost.dll, TestPluginCache.DiscoverTestExtensions: Discovering the extensions using extension path.
TpTrace Verbose: 0 : 27256, 4, 2023/01/02, 11:42:46.863, 16286530146889, testhost.dll, TestPluginCache.GetExtensionPaths: Filtered extension paths: 
TpTrace Verbose: 0 : 27256, 4, 2023/01/02, 11:42:46.863, 16286530147113, testhost.dll, TestPluginCache.GetExtensionPaths: Added default extension paths: C:\Users\Gokul\source\repos\Petzey.ViewAllPets.Service\ViewAllPet\bin\Debug\net6.0\fine-code-coverage\build-output\Microsoft.VisualStudio.TestPlatform.MSTest.TestAdapter.dll
TpTrace Verbose: 0 : 27256, 4, 2023/01/02, 11:42:46.863, 16286530147263, testhost.dll, TestPluginCache.GetExtensionPaths: Added unfilterableExtensionPaths: 
TpTrace Verbose: 0 : 27256, 4, 2023/01/02, 11:42:46.863, 16286530147550, testhost.dll, TestPluginCache.DiscoverTestExtensions: Discovering the extensions using allExtensionPaths: C:\Users\Gokul\source\repos\Petzey.ViewAllPets.Service\ViewAllPet\bin\Debug\net6.0\fine-code-coverage\build-output\Microsoft.VisualStudio.TestPlatform.MSTest.TestAdapter.dll
TpTrace Information: 0 : 27256, 4, 2023/01/02, 11:42:46.864, 16286530153048, testhost.dll, AssemblyResolver.AddSearchDirectories: Adding more searchDirectories C:\Users\Gokul\source\repos\Petzey.ViewAllPets.Service\ViewAllPet\bin\Debug\net6.0\fine-code-coverage\build-output
TpTrace Information: 0 : 27256, 4, 2023/01/02, 11:42:46.867, 16286530188462, testhost.dll, AssemblyResolver.OnResolve: Microsoft.VisualStudio.TestPlatform.MSTest.TestAdapter: Resolving assembly.
TpTrace Information: 0 : 27256, 4, 2023/01/02, 11:42:46.867, 16286530189569, testhost.dll, AssemblyResolver.OnResolve: Microsoft.VisualStudio.TestPlatform.MSTest.TestAdapter: Searching in: 'C:\Users\Gokul\source\repos\Petzey.ViewAllPets.Service\ViewAllPet\bin\Debug\net6.0\fine-code-coverage\build-output'.
TpTrace Information: 0 : 27256, 4, 2023/01/02, 11:42:46.868, 16286530200011, testhost.dll, AssemblyResolver.OnResolve: Microsoft.VisualStudio.TestPlatform.MSTest.TestAdapter: Loading assembly 'C:\Users\Gokul\source\repos\Petzey.ViewAllPets.Service\ViewAllPet\bin\Debug\net6.0\fine-code-coverage\build-output\Microsoft.VisualStudio.TestPlatform.MSTest.TestAdapter.dll'.
TpTrace Information: 0 : 27256, 4, 2023/01/02, 11:42:46.869, 16286530204900, testhost.dll, AssemblyResolver.OnResolve: Resolved assembly: Microsoft.VisualStudio.TestPlatform.MSTest.TestAdapter, from path: C:\Users\Gokul\source\repos\Petzey.ViewAllPets.Service\ViewAllPet\bin\Debug\net6.0\fine-code-coverage\build-output\Microsoft.VisualStudio.TestPlatform.MSTest.TestAdapter.dll
TpTrace Verbose: 0 : 27256, 11, 2023/01/02, 11:42:46.885, 16286530369842, testhost.dll, TcpClientExtensions.MessageLoopAsync: NotifyDataAvailable remoteEndPoint: [::ffff:127.0.0.1]:51421 localEndPoint: [::ffff:127.0.0.1]:51422
TpTrace Information: 0 : 27256, 11, 2023/01/02, 11:42:46.886, 16286530371330, testhost.dll, TestRequestHandler.OnMessageReceived: received message: (TestExecution.StartWithSources) -> {"Version":7,"MessageType":"TestExecution.StartWithSources","Payload":{"AdapterSourceMap":{"_none_":["C:\\Users\\Gokul\\source\\repos\\Petzey.ViewAllPets.Service\\ViewAllPet\\bin\\Debug\\net6.0\\fine-code-coverage\\build-output\\ViewAllPet.dll"]},"RunSettings":"<RunSettings>\r\n  <RunConfiguration>\r\n    <ResultsDirectory>C:\\Users\\Gokul\\source\\repos\\Petzey.ViewAllPets.Service\\ViewAllPet\\bin\\Debug\\net6.0\\fine-code-coverage\\coverage-tool-output</ResultsDirectory>\r\n    <TargetFrameworkVersion>.NETCoreApp,Version=v6.0</TargetFrameworkVersion>\r\n    <DesignMode>False</DesignMode>\r\n    <CollectSourceInformation>False</CollectSourceInformation>\r\n  </RunConfiguration>\r\n  <LoggerRunSettings>\r\n    <Loggers>\r\n      <Logger friendlyName=\"blame\" enabled=\"True\" />\r\n      <Logger friendlyName=\"Console\" uri=\"logger://microsoft/TestPlatform/ConsoleLogger/v1\" assemblyQualifiedName=\"Microsoft.VisualStudio.TestPlatform.CommandLine.Internal.ConsoleLogger, vstest.console, Version=15.0.0.0, Culture=neutral, PublicKeyToken=b03f5f7f11d50a3a\" codeBase=\"C:\\Program Files\\dotnet\\sdk\\7.0.101\\vstest.console.dll\" enabled=\"True\" />\r\n    </Loggers>\r\n  </LoggerRunSettings>\r\n  <DataCollectionRunSettings>\r\n    <DataCollectors>\r\n      <DataCollector friendlyName=\"blame\" enabled=\"True\">\r\n        <Configuration>\r\n          <ResultsDirectory>C:\\Users\\Gokul\\source\\repos\\Petzey.ViewAllPets.Service\\ViewAllPet\\bin\\Debug\\net6.0\\fine-code-coverage\\coverage-tool-output</ResultsDirectory>\r\n        </Configuration>\r\n      </DataCollector>\r\n    </DataCollectors>\r\n  </DataCollectionRunSettings>\r\n</RunSettings>","TestExecutionContext":{"FrequencyOfRunStatsChangeEvent":10,"RunStatsChangeEventTimeout":"00:00:01.5000000","InIsolation":false,"KeepAlive":false,"AreTestCaseLevelEventsRequired":false,"IsDebug":false,"TestCaseFilter":null,"FilterOptions":null},"Package":null}}
TpTrace Verbose: 0 : 27256, 4, 2023/01/02, 11:42:46.891, 16286530424930, testhost.dll, MetadataReaderExtensionsHelper: Discovering extensions inside assembly 'Microsoft.VisualStudio.TestPlatform.MSTest.TestAdapter, Version=14.0.0.0, Culture=neutral, PublicKeyToken=b03f5f7f11d50a3a' file path 'C:\Users\Gokul\source\repos\Petzey.ViewAllPets.Service\ViewAllPet\bin\Debug\net6.0\fine-code-coverage\build-output\Microsoft.VisualStudio.TestPlatform.MSTest.TestAdapter.dll'
TpTrace Information: 0 : 27256, 4, 2023/01/02, 11:42:46.897, 16286530488510, testhost.dll, GetTestExtensionFromType: Register extension with identifier data 'executor://MSTestAdapter/v2' and type 'Microsoft.VisualStudio.TestPlatform.MSTest.TestAdapter.MSTestExecutor, Microsoft.VisualStudio.TestPlatform.MSTest.TestAdapter, Version=14.0.0.0, Culture=neutral, PublicKeyToken=b03f5f7f11d50a3a' inside file 'C:\Users\Gokul\source\repos\Petzey.ViewAllPets.Service\ViewAllPet\bin\Debug\net6.0\fine-code-coverage\build-output\Microsoft.VisualStudio.TestPlatform.MSTest.TestAdapter.dll'
TpTrace Verbose: 0 : 27256, 4, 2023/01/02, 11:42:46.899, 16286530506210, testhost.dll, TestPluginCache: Discovered the extensions using extension path ''.
TpTrace Verbose: 0 : 27256, 4, 2023/01/02, 11:42:46.899, 16286530509529, testhost.dll, TestPluginCache: Discoverers are ''.
TpTrace Verbose: 0 : 27256, 4, 2023/01/02, 11:42:46.899, 16286530510001, testhost.dll, TestPluginCache: Executors are 'executor://MSTestAdapter/v2'.
TpTrace Verbose: 0 : 27256, 4, 2023/01/02, 11:42:46.900, 16286530510314, testhost.dll, TestPluginCache: Executors2 are ''.
TpTrace Verbose: 0 : 27256, 4, 2023/01/02, 11:42:46.900, 16286530510589, testhost.dll, TestPluginCache: Setting providers are ''.
TpTrace Verbose: 0 : 27256, 4, 2023/01/02, 11:42:46.900, 16286530510867, testhost.dll, TestPluginCache: Loggers are ''.
TpTrace Verbose: 0 : 27256, 4, 2023/01/02, 11:42:46.900, 16286530511123, testhost.dll, TestPluginCache: TestHosts are ''.
TpTrace Verbose: 0 : 27256, 4, 2023/01/02, 11:42:46.900, 16286530511424, testhost.dll, TestPluginCache: DataCollectors are ''.
TpTrace Verbose: 0 : 27256, 4, 2023/01/02, 11:42:46.901, 16286530529774, testhost.dll, TestPluginCache.DiscoverTestExtensions: finding test extensions in assemblies ends with: TestAdapter.dll TPluginInfo: Microsoft.VisualStudio.TestPlatform.Common.ExtensionFramework.Utilities.TestExecutorPluginInformation2 TExtension: Microsoft.VisualStudio.TestPlatform.ObjectModel.Adapter.ITestExecutor2
TpTrace Verbose: 0 : 27256, 4, 2023/01/02, 11:42:46.902, 16286530531400, testhost.dll, TestPluginCache.GetExtensionPaths: Filtered extension paths: 
TpTrace Verbose: 0 : 27256, 4, 2023/01/02, 11:42:46.902, 16286530531670, testhost.dll, TestPluginCache.GetExtensionPaths: Added default extension paths: C:\Users\Gokul\source\repos\Petzey.ViewAllPets.Service\ViewAllPet\bin\Debug\net6.0\fine-code-coverage\build-output\Microsoft.VisualStudio.TestPlatform.MSTest.TestAdapter.dll
TpTrace Verbose: 0 : 27256, 4, 2023/01/02, 11:42:46.902, 16286530531860, testhost.dll, TestPluginCache.GetExtensionPaths: Added unfilterableExtensionPaths: 
TpTrace Information: 0 : 27256, 4, 2023/01/02, 11:42:46.902, 16286530533724, testhost.dll, AssemblyResolver.AddSearchDirectories: Adding more searchDirectories C:\Users\Gokul\source\repos\Petzey.ViewAllPets.Service\ViewAllPet\bin\Debug\net6.0\fine-code-coverage\build-output
TpTrace Verbose: 0 : 27256, 4, 2023/01/02, 11:42:46.902, 16286530534063, testhost.dll, TestPluginCache.DiscoverTestExtensions: Discovering the extensions using extension path.
TpTrace Verbose: 0 : 27256, 4, 2023/01/02, 11:42:46.902, 16286530534225, testhost.dll, TestPluginCache.GetExtensionPaths: Filtered extension paths: 
TpTrace Verbose: 0 : 27256, 4, 2023/01/02, 11:42:46.902, 16286530534360, testhost.dll, TestPluginCache.GetExtensionPaths: Added default extension paths: C:\Users\Gokul\source\repos\Petzey.ViewAllPets.Service\ViewAllPet\bin\Debug\net6.0\fine-code-coverage\build-output\Microsoft.VisualStudio.TestPlatform.MSTest.TestAdapter.dll
TpTrace Verbose: 0 : 27256, 4, 2023/01/02, 11:42:46.902, 16286530534501, testhost.dll, TestPluginCache.GetExtensionPaths: Added unfilterableExtensionPaths: 
TpTrace Verbose: 0 : 27256, 4, 2023/01/02, 11:42:46.902, 16286530534660, testhost.dll, TestPluginCache.DiscoverTestExtensions: Discovering the extensions using allExtensionPaths: C:\Users\Gokul\source\repos\Petzey.ViewAllPets.Service\ViewAllPet\bin\Debug\net6.0\fine-code-coverage\build-output\Microsoft.VisualStudio.TestPlatform.MSTest.TestAdapter.dll
TpTrace Information: 0 : 27256, 4, 2023/01/02, 11:42:46.902, 16286530534903, testhost.dll, AssemblyResolver.AddSearchDirectories: Adding more searchDirectories C:\Users\Gokul\source\repos\Petzey.ViewAllPets.Service\ViewAllPet\bin\Debug\net6.0\fine-code-coverage\build-output
TpTrace Verbose: 0 : 27256, 4, 2023/01/02, 11:42:46.902, 16286530535317, testhost.dll, MetadataReaderExtensionsHelper: Discovering extensions inside assembly 'Microsoft.VisualStudio.TestPlatform.MSTest.TestAdapter, Version=14.0.0.0, Culture=neutral, PublicKeyToken=b03f5f7f11d50a3a' file path 'C:\Users\Gokul\source\repos\Petzey.ViewAllPets.Service\ViewAllPet\bin\Debug\net6.0\fine-code-coverage\build-output\Microsoft.VisualStudio.TestPlatform.MSTest.TestAdapter.dll'
TpTrace Verbose: 0 : 27256, 4, 2023/01/02, 11:42:46.902, 16286530539103, testhost.dll, TestPluginCache: Discovered the extensions using extension path ''.
TpTrace Verbose: 0 : 27256, 4, 2023/01/02, 11:42:46.902, 16286530539490, testhost.dll, TestPluginCache: Discoverers are ''.
TpTrace Verbose: 0 : 27256, 4, 2023/01/02, 11:42:46.902, 16286530539731, testhost.dll, TestPluginCache: Executors are 'executor://MSTestAdapter/v2'.
TpTrace Verbose: 0 : 27256, 4, 2023/01/02, 11:42:46.902, 16286530540069, testhost.dll, TestPluginCache: Executors2 are ''.
TpTrace Verbose: 0 : 27256, 4, 2023/01/02, 11:42:46.903, 16286530540219, testhost.dll, TestPluginCache: Setting providers are ''.
TpTrace Verbose: 0 : 27256, 4, 2023/01/02, 11:42:46.903, 16286530540349, testhost.dll, TestPluginCache: Loggers are ''.
TpTrace Verbose: 0 : 27256, 4, 2023/01/02, 11:42:46.903, 16286530540477, testhost.dll, TestPluginCache: TestHosts are ''.
TpTrace Verbose: 0 : 27256, 4, 2023/01/02, 11:42:46.903, 16286530540601, testhost.dll, TestPluginCache: DataCollectors are ''.
TpTrace Information: 0 : 27256, 4, 2023/01/02, 11:42:46.906, 16286530571763, testhost.dll, TestPluginManager.CreateTestExtension: Attempting to load test extension: Microsoft.VisualStudio.TestPlatform.MSTest.TestAdapter.MSTestExecutor
TpTrace Verbose: 0 : 27256, 11, 2023/01/02, 11:42:46.906, 16286530573961, testhost.dll, MulticastDelegateUtilities.SafeInvoke: LengthPrefixCommunicationChannel: MessageReceived: Invoking callback 1/1 for Microsoft.VisualStudio.TestPlatform.CommunicationUtilities.TestRequestHandler.OnMessageReceived, took 20 ms.
TpTrace Verbose: 0 : 27256, 11, 2023/01/02, 11:42:46.906, 16286530574410, testhost.dll, TcpClientExtensions.MessageLoopAsync: Polling on remoteEndPoint: [::ffff:127.0.0.1]:51421 localEndPoint: [::ffff:127.0.0.1]:51422
TpTrace Verbose: 0 : 27256, 4, 2023/01/02, 11:42:46.914, 16286530652701, testhost.dll, TestExecutorExtensionManager: Loading executor Microsoft.VisualStudio.TestPlatform.MSTest.TestAdapter.MSTestExecutor
TpTrace Verbose: 0 : 27256, 4, 2023/01/02, 11:42:46.914, 16286530654196, testhost.dll, TestExecutorService: Loaded the executors
TpTrace Verbose: 0 : 27256, 4, 2023/01/02, 11:42:46.915, 16286530661911, testhost.dll, TestPluginCache.DiscoverTestExtensions: finding test extensions in assemblies ends with: TestAdapter.dll TPluginInfo: Microsoft.VisualStudio.TestPlatform.Common.ExtensionFramework.Utilities.TestSettingsProviderPluginInformation TExtension: Microsoft.VisualStudio.TestPlatform.ObjectModel.Adapter.ISettingsProvider
TpTrace Verbose: 0 : 27256, 4, 2023/01/02, 11:42:46.915, 16286530662637, testhost.dll, TestPluginCache.GetExtensionPaths: Filtered extension paths: 
TpTrace Verbose: 0 : 27256, 4, 2023/01/02, 11:42:46.915, 16286530662842, testhost.dll, TestPluginCache.GetExtensionPaths: Added default extension paths: C:\Users\Gokul\source\repos\Petzey.ViewAllPets.Service\ViewAllPet\bin\Debug\net6.0\fine-code-coverage\build-output\Microsoft.VisualStudio.TestPlatform.MSTest.TestAdapter.dll
TpTrace Verbose: 0 : 27256, 4, 2023/01/02, 11:42:46.915, 16286530662988, testhost.dll, TestPluginCache.GetExtensionPaths: Added unfilterableExtensionPaths: 
TpTrace Information: 0 : 27256, 4, 2023/01/02, 11:42:46.915, 16286530664104, testhost.dll, AssemblyResolver.AddSearchDirectories: Adding more searchDirectories C:\Users\Gokul\source\repos\Petzey.ViewAllPets.Service\ViewAllPet\bin\Debug\net6.0\fine-code-coverage\build-output
TpTrace Verbose: 0 : 27256, 4, 2023/01/02, 11:42:46.915, 16286530664363, testhost.dll, TestPluginCache.DiscoverTestExtensions: Discovering the extensions using extension path.
TpTrace Verbose: 0 : 27256, 4, 2023/01/02, 11:42:46.915, 16286530664539, testhost.dll, TestPluginCache.GetExtensionPaths: Filtered extension paths: 
TpTrace Verbose: 0 : 27256, 4, 2023/01/02, 11:42:46.915, 16286530664704, testhost.dll, TestPluginCache.GetExtensionPaths: Added default extension paths: C:\Users\Gokul\source\repos\Petzey.ViewAllPets.Service\ViewAllPet\bin\Debug\net6.0\fine-code-coverage\build-output\Microsoft.VisualStudio.TestPlatform.MSTest.TestAdapter.dll
TpTrace Verbose: 0 : 27256, 4, 2023/01/02, 11:42:46.915, 16286530664839, testhost.dll, TestPluginCache.GetExtensionPaths: Added unfilterableExtensionPaths: 
TpTrace Verbose: 0 : 27256, 4, 2023/01/02, 11:42:46.915, 16286530664986, testhost.dll, TestPluginCache.DiscoverTestExtensions: Discovering the extensions using allExtensionPaths: C:\Users\Gokul\source\repos\Petzey.ViewAllPets.Service\ViewAllPet\bin\Debug\net6.0\fine-code-coverage\build-output\Microsoft.VisualStudio.TestPlatform.MSTest.TestAdapter.dll
TpTrace Information: 0 : 27256, 4, 2023/01/02, 11:42:46.915, 16286530665202, testhost.dll, AssemblyResolver.AddSearchDirectories: Adding more searchDirectories C:\Users\Gokul\source\repos\Petzey.ViewAllPets.Service\ViewAllPet\bin\Debug\net6.0\fine-code-coverage\build-output
TpTrace Verbose: 0 : 27256, 4, 2023/01/02, 11:42:46.915, 16286530665719, testhost.dll, MetadataReaderExtensionsHelper: Discovering extensions inside assembly 'Microsoft.VisualStudio.TestPlatform.MSTest.TestAdapter, Version=14.0.0.0, Culture=neutral, PublicKeyToken=b03f5f7f11d50a3a' file path 'C:\Users\Gokul\source\repos\Petzey.ViewAllPets.Service\ViewAllPet\bin\Debug\net6.0\fine-code-coverage\build-output\Microsoft.VisualStudio.TestPlatform.MSTest.TestAdapter.dll'
TpTrace Verbose: 0 : 27256, 4, 2023/01/02, 11:42:46.915, 16286530668922, testhost.dll, TestPluginCache: Discovered the extensions using extension path ''.
TpTrace Verbose: 0 : 27256, 4, 2023/01/02, 11:42:46.915, 16286530669291, testhost.dll, TestPluginCache: Discoverers are ''.
TpTrace Verbose: 0 : 27256, 4, 2023/01/02, 11:42:46.915, 16286530669464, testhost.dll, TestPluginCache: Executors are 'executor://MSTestAdapter/v2'.
TpTrace Verbose: 0 : 27256, 4, 2023/01/02, 11:42:46.915, 16286530669615, testhost.dll, TestPluginCache: Executors2 are ''.
TpTrace Verbose: 0 : 27256, 4, 2023/01/02, 11:42:46.915, 16286530669823, testhost.dll, TestPluginCache: Setting providers are ''.
TpTrace Verbose: 0 : 27256, 4, 2023/01/02, 11:42:46.915, 16286530669986, testhost.dll, TestPluginCache: Loggers are ''.
TpTrace Verbose: 0 : 27256, 4, 2023/01/02, 11:42:46.915, 16286530670127, testhost.dll, TestPluginCache: TestHosts are ''.
TpTrace Verbose: 0 : 27256, 4, 2023/01/02, 11:42:46.916, 16286530670253, testhost.dll, TestPluginCache: DataCollectors are ''.
TpTrace Verbose: 0 : 27256, 4, 2023/01/02, 11:42:46.916, 16286530676571, testhost.dll, TestExecutorService: Loaded the settings providers
TpTrace Information: 0 : 27256, 4, 2023/01/02, 11:42:46.916, 16286530676917, testhost.dll, TestExecutorService: Loaded the extensions
TpTrace Information: 0 : 27256, 4, 2023/01/02, 11:42:46.917, 16286530680147, testhost.dll, TestRequestHandler.OnMessageReceived: Running job 'TestExecution.StartWithSources'.
TpTrace Verbose: 0 : 27256, 4, 2023/01/02, 11:42:46.974, 16286531255160, testhost.dll, MulticastDelegateUtilities.SafeInvoke: TestCaseEventsHandler.RaiseSessionStart: Invoking callbacks was skipped because there are no subscribers.
TpTrace Information: 0 : 27256, 4, 2023/01/02, 11:42:46.983, 16286531343330, testhost.dll, TestDiscoveryManager: Discovering tests from sources C:\Users\Gokul\source\repos\Petzey.ViewAllPets.Service\ViewAllPet\bin\Debug\net6.0\fine-code-coverage\build-output\ViewAllPet.dll
TpTrace Verbose: 0 : 27256, 4, 2023/01/02, 11:42:46.989, 16286531401813, testhost.dll, TestPluginCache.DiscoverTestExtensions: finding test extensions in assemblies ends with: TestAdapter.dll TPluginInfo: Microsoft.VisualStudio.TestPlatform.Common.ExtensionFramework.Utilities.TestDiscovererPluginInformation TExtension: Microsoft.VisualStudio.TestPlatform.ObjectModel.Adapter.ITestDiscoverer
TpTrace Verbose: 0 : 27256, 4, 2023/01/02, 11:42:46.989, 16286531404979, testhost.dll, TestPluginCache.GetExtensionPaths: Filtered extension paths: 
TpTrace Verbose: 0 : 27256, 4, 2023/01/02, 11:42:46.989, 16286531405455, testhost.dll, TestPluginCache.GetExtensionPaths: Added default extension paths: C:\Users\Gokul\source\repos\Petzey.ViewAllPets.Service\ViewAllPet\bin\Debug\net6.0\fine-code-coverage\build-output\Microsoft.VisualStudio.TestPlatform.MSTest.TestAdapter.dll
TpTrace Verbose: 0 : 27256, 4, 2023/01/02, 11:42:46.989, 16286531405751, testhost.dll, TestPluginCache.GetExtensionPaths: Added unfilterableExtensionPaths: 
TpTrace Information: 0 : 27256, 4, 2023/01/02, 11:42:46.989, 16286531407068, testhost.dll, AssemblyResolver.AddSearchDirectories: Adding more searchDirectories C:\Users\Gokul\source\repos\Petzey.ViewAllPets.Service\ViewAllPet\bin\Debug\net6.0\fine-code-coverage\build-output
TpTrace Verbose: 0 : 27256, 4, 2023/01/02, 11:42:46.989, 16286531407472, testhost.dll, TestPluginCache.DiscoverTestExtensions: Discovering the extensions using extension path.
TpTrace Verbose: 0 : 27256, 4, 2023/01/02, 11:42:46.989, 16286531407791, testhost.dll, TestPluginCache.GetExtensionPaths: Filtered extension paths: 
TpTrace Verbose: 0 : 27256, 4, 2023/01/02, 11:42:46.989, 16286531408071, testhost.dll, TestPluginCache.GetExtensionPaths: Added default extension paths: C:\Users\Gokul\source\repos\Petzey.ViewAllPets.Service\ViewAllPet\bin\Debug\net6.0\fine-code-coverage\build-output\Microsoft.VisualStudio.TestPlatform.MSTest.TestAdapter.dll
TpTrace Verbose: 0 : 27256, 4, 2023/01/02, 11:42:46.989, 16286531408355, testhost.dll, TestPluginCache.GetExtensionPaths: Added unfilterableExtensionPaths: 
TpTrace Verbose: 0 : 27256, 4, 2023/01/02, 11:42:46.989, 16286531408611, testhost.dll, TestPluginCache.DiscoverTestExtensions: Discovering the extensions using allExtensionPaths: C:\Users\Gokul\source\repos\Petzey.ViewAllPets.Service\ViewAllPet\bin\Debug\net6.0\fine-code-coverage\build-output\Microsoft.VisualStudio.TestPlatform.MSTest.TestAdapter.dll
TpTrace Information: 0 : 27256, 4, 2023/01/02, 11:42:46.989, 16286531409034, testhost.dll, AssemblyResolver.AddSearchDirectories: Adding more searchDirectories C:\Users\Gokul\source\repos\Petzey.ViewAllPets.Service\ViewAllPet\bin\Debug\net6.0\fine-code-coverage\build-output
TpTrace Verbose: 0 : 27256, 4, 2023/01/02, 11:42:46.989, 16286531409834, testhost.dll, MetadataReaderExtensionsHelper: Discovering extensions inside assembly 'Microsoft.VisualStudio.TestPlatform.MSTest.TestAdapter, Version=14.0.0.0, Culture=neutral, PublicKeyToken=b03f5f7f11d50a3a' file path 'C:\Users\Gokul\source\repos\Petzey.ViewAllPets.Service\ViewAllPet\bin\Debug\net6.0\fine-code-coverage\build-output\Microsoft.VisualStudio.TestPlatform.MSTest.TestAdapter.dll'
TpTrace Information: 0 : 27256, 4, 2023/01/02, 11:42:46.992, 16286531439843, testhost.dll, GetTestExtensionFromType: Register extension with identifier data 'Microsoft.VisualStudio.TestPlatform.MSTest.TestAdapter.MSTestDiscoverer, Microsoft.VisualStudio.TestPlatform.MSTest.TestAdapter, Version=14.0.0.0, Culture=neutral, PublicKeyToken=b03f5f7f11d50a3a' and type 'Microsoft.VisualStudio.TestPlatform.MSTest.TestAdapter.MSTestDiscoverer, Microsoft.VisualStudio.TestPlatform.MSTest.TestAdapter, Version=14.0.0.0, Culture=neutral, PublicKeyToken=b03f5f7f11d50a3a' inside file 'C:\Users\Gokul\source\repos\Petzey.ViewAllPets.Service\ViewAllPet\bin\Debug\net6.0\fine-code-coverage\build-output\Microsoft.VisualStudio.TestPlatform.MSTest.TestAdapter.dll'
TpTrace Verbose: 0 : 27256, 4, 2023/01/02, 11:42:46.993, 16286531441919, testhost.dll, TestPluginCache: Discovered the extensions using extension path ''.
TpTrace Verbose: 0 : 27256, 4, 2023/01/02, 11:42:46.993, 16286531442721, testhost.dll, TestPluginCache: Discoverers are 'Microsoft.VisualStudio.TestPlatform.MSTest.TestAdapter.MSTestDiscoverer, Microsoft.VisualStudio.TestPlatform.MSTest.TestAdapter, Version=14.0.0.0, Culture=neutral, PublicKeyToken=b03f5f7f11d50a3a'.
TpTrace Verbose: 0 : 27256, 4, 2023/01/02, 11:42:46.993, 16286531443111, testhost.dll, TestPluginCache: Executors are 'executor://MSTestAdapter/v2'.
TpTrace Verbose: 0 : 27256, 4, 2023/01/02, 11:42:46.993, 16286531443449, testhost.dll, TestPluginCache: Executors2 are ''.
TpTrace Verbose: 0 : 27256, 4, 2023/01/02, 11:42:46.993, 16286531443893, testhost.dll, TestPluginCache: Setting providers are ''.
TpTrace Verbose: 0 : 27256, 4, 2023/01/02, 11:42:46.993, 16286531444297, testhost.dll, TestPluginCache: Loggers are ''.
TpTrace Verbose: 0 : 27256, 4, 2023/01/02, 11:42:46.993, 16286531444604, testhost.dll, TestPluginCache: TestHosts are ''.
TpTrace Verbose: 0 : 27256, 4, 2023/01/02, 11:42:46.993, 16286531444898, testhost.dll, TestPluginCache: DataCollectors are ''.
TpTrace Verbose: 0 : 27256, 4, 2023/01/02, 11:42:47.001, 16286531520615, testhost.dll, BaseRunTests.RunTestInternalWithExecutors: Running tests for executor://MSTestAdapter/v2
TpTrace Information: 0 : 27256, 4, 2023/01/02, 11:42:47.001, 16286531526570, testhost.dll, AssemblyResolver.OnResolve: Microsoft.VisualStudio.TestPlatform.MSTestAdapter.PlatformServices.Interface: Resolving assembly.
TpTrace Information: 0 : 27256, 4, 2023/01/02, 11:42:47.001, 16286531527386, testhost.dll, AssemblyResolver.OnResolve: Microsoft.VisualStudio.TestPlatform.MSTestAdapter.PlatformServices.Interface: Searching in: 'C:\Users\Gokul\source\repos\Petzey.ViewAllPets.Service\ViewAllPet\bin\Debug\net6.0\fine-code-coverage\build-output'.
TpTrace Information: 0 : 27256, 4, 2023/01/02, 11:42:47.002, 16286531531003, testhost.dll, AssemblyResolver.OnResolve: Microsoft.VisualStudio.TestPlatform.MSTestAdapter.PlatformServices.Interface: Loading assembly 'C:\Users\Gokul\source\repos\Petzey.ViewAllPets.Service\ViewAllPet\bin\Debug\net6.0\fine-code-coverage\build-output\Microsoft.VisualStudio.TestPlatform.MSTestAdapter.PlatformServices.Interface.dll'.
TpTrace Information: 0 : 27256, 4, 2023/01/02, 11:42:47.002, 16286531534703, testhost.dll, AssemblyResolver.OnResolve: Resolved assembly: Microsoft.VisualStudio.TestPlatform.MSTestAdapter.PlatformServices.Interface, from path: C:\Users\Gokul\source\repos\Petzey.ViewAllPets.Service\ViewAllPet\bin\Debug\net6.0\fine-code-coverage\build-output\Microsoft.VisualStudio.TestPlatform.MSTestAdapter.PlatformServices.Interface.dll
TpTrace Information: 0 : 27256, 4, 2023/01/02, 11:42:47.003, 16286531544331, testhost.dll, AssemblyResolver.OnResolve: Microsoft.VisualStudio.TestPlatform.MSTestAdapter.PlatformServices: Resolving assembly.
TpTrace Information: 0 : 27256, 4, 2023/01/02, 11:42:47.003, 16286531544911, testhost.dll, AssemblyResolver.OnResolve: Microsoft.VisualStudio.TestPlatform.MSTestAdapter.PlatformServices: Searching in: 'C:\Users\Gokul\source\repos\Petzey.ViewAllPets.Service\ViewAllPet\bin\Debug\net6.0\fine-code-coverage\build-output'.
TpTrace Information: 0 : 27256, 4, 2023/01/02, 11:42:47.003, 16286531546808, testhost.dll, AssemblyResolver.OnResolve: Microsoft.VisualStudio.TestPlatform.MSTestAdapter.PlatformServices: Loading assembly 'C:\Users\Gokul\source\repos\Petzey.ViewAllPets.Service\ViewAllPet\bin\Debug\net6.0\fine-code-coverage\build-output\Microsoft.VisualStudio.TestPlatform.MSTestAdapter.PlatformServices.dll'.
TpTrace Information: 0 : 27256, 4, 2023/01/02, 11:42:47.003, 16286531549999, testhost.dll, AssemblyResolver.OnResolve: Resolved assembly: Microsoft.VisualStudio.TestPlatform.MSTestAdapter.PlatformServices, from path: C:\Users\Gokul\source\repos\Petzey.ViewAllPets.Service\ViewAllPet\bin\Debug\net6.0\fine-code-coverage\build-output\Microsoft.VisualStudio.TestPlatform.MSTestAdapter.PlatformServices.dll
TpTrace Information: 0 : 27256, 4, 2023/01/02, 11:42:47.004, 16286531558970, testhost.dll, MSTest - MSTestExecutor.RunTests: Running tests from sources.
TpTrace Information: 0 : 27256, 4, 2023/01/02, 11:42:47.007, 16286531587902, testhost.dll, MSTest - CollectSourceInformation value Found : False 
TpTrace Information: 0 : 27256, 4, 2023/01/02, 11:42:47.022, 16286531734423, testhost.dll, MSTest - DictionaryHelper.ConcatWithOverwrites: The source is null or empty, returning the overwrite dictionary.
TpTrace Information: 0 : 27256, 4, 2023/01/02, 11:42:47.026, 16286531776279, testhost.dll, MSTest - DictionaryHelper.ConcatWithOverwrites: The source is null or empty, returning the overwrite dictionary.
TpTrace Information: 0 : 27256, 4, 2023/01/02, 11:42:47.030, 16286531818770, testhost.dll, AssemblyResolver.OnResolve: Microsoft.TestPlatform.AdapterUtilities: Resolving assembly.
TpTrace Information: 0 : 27256, 4, 2023/01/02, 11:42:47.030, 16286531819520, testhost.dll, AssemblyResolver.OnResolve: Microsoft.TestPlatform.AdapterUtilities: Searching in: 'C:\Users\Gokul\source\repos\Petzey.ViewAllPets.Service\ViewAllPet\bin\Debug\net6.0\fine-code-coverage\build-output'.
TpTrace Information: 0 : 27256, 4, 2023/01/02, 11:42:47.031, 16286531821169, testhost.dll, AssemblyResolver.OnResolve: Microsoft.TestPlatform.AdapterUtilities: Loading assembly 'C:\Users\Gokul\source\repos\Petzey.ViewAllPets.Service\ViewAllPet\bin\Debug\net6.0\fine-code-coverage\build-output\Microsoft.TestPlatform.AdapterUtilities.dll'.
TpTrace Information: 0 : 27256, 4, 2023/01/02, 11:42:47.031, 16286531823325, testhost.dll, AssemblyResolver.OnResolve: Resolved assembly: Microsoft.TestPlatform.AdapterUtilities, from path: C:\Users\Gokul\source\repos\Petzey.ViewAllPets.Service\ViewAllPet\bin\Debug\net6.0\fine-code-coverage\build-output\Microsoft.TestPlatform.AdapterUtilities.dll
TpTrace Information: 0 : 27256, 4, 2023/01/02, 11:42:47.052, 16286532033504, testhost.dll, MSTest - DictionaryHelper.ConcatWithOverwrites: The source is null or empty, returning the overwrite dictionary.
TpTrace Information: 0 : 27256, 4, 2023/01/02, 11:42:47.052, 16286532035670, testhost.dll, MSTest - MSTestDiscoverer: Found 2 tests from source C:\Users\Gokul\source\repos\Petzey.ViewAllPets.Service\ViewAllPet\bin\Debug\net6.0\fine-code-coverage\build-output\ViewAllPet.dll
TpTrace Information: 0 : 27256, 4, 2023/01/02, 11:42:47.063, 16286532144084, testhost.dll, AssemblyResolver.OnResolve: Microsoft.VisualStudio.TestPlatform.MSTestAdapter.PlatformServices.resources: Resolving assembly.
TpTrace Information: 0 : 27256, 4, 2023/01/02, 11:42:47.063, 16286532144940, testhost.dll, AssemblyResolver.OnResolve: Microsoft.VisualStudio.TestPlatform.MSTestAdapter.PlatformServices.resources: Searching in: 'C:\Users\Gokul\source\repos\Petzey.ViewAllPets.Service\ViewAllPet\bin\Debug\net6.0\fine-code-coverage\build-output'.
TpTrace Information: 0 : 27256, 4, 2023/01/02, 11:42:47.063, 16286532145641, testhost.dll, AssemblyResolver.OnResolve: Microsoft.VisualStudio.TestPlatform.MSTestAdapter.PlatformServices.resources: Assembly path does not exist: 'C:\Users\Gokul\source\repos\Petzey.ViewAllPets.Service\ViewAllPet\bin\Debug\net6.0\fine-code-coverage\build-output\Microsoft.VisualStudio.TestPlatform.MSTestAdapter.PlatformServices.resources.dll', returning.
TpTrace Information: 0 : 27256, 4, 2023/01/02, 11:42:47.063, 16286532146064, testhost.dll, AssemblyResolver.OnResolve: Microsoft.VisualStudio.TestPlatform.MSTestAdapter.PlatformServices.resources: Assembly path does not exist: 'C:\Users\Gokul\source\repos\Petzey.ViewAllPets.Service\ViewAllPet\bin\Debug\net6.0\fine-code-coverage\build-output\Microsoft.VisualStudio.TestPlatform.MSTestAdapter.PlatformServices.resources.exe', returning.
TpTrace Information: 0 : 27256, 4, 2023/01/02, 11:42:47.063, 16286532146251, testhost.dll, AssemblyResolver.OnResolve: Microsoft.VisualStudio.TestPlatform.MSTestAdapter.PlatformServices.resources: Failed to load assembly.
TpTrace Information: 0 : 27256, 4, 2023/01/02, 11:42:47.063, 16286532148175, testhost.dll, AssemblyResolver.OnResolve: Microsoft.VisualStudio.TestPlatform.MSTestAdapter.PlatformServices.resources: Resolving assembly.
TpTrace Information: 0 : 27256, 4, 2023/01/02, 11:42:47.063, 16286532148466, testhost.dll, AssemblyResolver.OnResolve: Microsoft.VisualStudio.TestPlatform.MSTestAdapter.PlatformServices.resources: Resolved from cache.
TpTrace Information: 0 : 27256, 4, 2023/01/02, 11:42:47.072, 16286532233750, testhost.dll, MSTest - Created unit-test runner C:\Users\Gokul\source\repos\Petzey.ViewAllPets.Service\ViewAllPet\bin\Debug\net6.0\fine-code-coverage\build-output\ViewAllPet.dll
TpTrace Verbose: 0 : 27256, 4, 2023/01/02, 11:42:47.076, 16286532278014, testhost.dll, TestExecutionRecorder.RecordStart: Starting test: ViewAllPet.UnitTest1.TestMethod1.
TpTrace Verbose: 0 : 27256, 4, 2023/01/02, 11:42:47.184, 16286533356368, testhost.dll, MulticastDelegateUtilities.SafeInvoke: TestCaseEventsHandler.RaiseTestCaseStart: Invoking callback 1/1 for Microsoft.VisualStudio.TestPlatform.CrossPlatEngine.DataCollection.ProxyOutOfProcDataCollectionManager.TriggerTestCaseStart, took 106 ms.
TpTrace Information: 0 : 27256, 4, 2023/01/02, 11:42:47.185, 16286533364153, testhost.dll, MSTest - Executing test TestMethod1
TpTrace Verbose: 0 : 27256, 11, 2023/01/02, 11:42:47.919, 16286540700431, testhost.dll, TcpClientExtensions.MessageLoopAsync: Polling on remoteEndPoint: [::ffff:127.0.0.1]:51421 localEndPoint: [::ffff:127.0.0.1]:51422
TpTrace Information: 0 : 27256, 4, 2023/01/02, 11:42:48.237, 16286543885862, testhost.dll, AssemblyResolver.OnResolve: Microsoft.Data.SqlClient.resources: Resolving assembly.
TpTrace Information: 0 : 27256, 4, 2023/01/02, 11:42:48.237, 16286543886865, testhost.dll, AssemblyResolver.OnResolve: Microsoft.Data.SqlClient.resources: Searching in: 'C:\Users\Gokul\source\repos\Petzey.ViewAllPets.Service\ViewAllPet\bin\Debug\net6.0\fine-code-coverage\build-output'.
TpTrace Information: 0 : 27256, 4, 2023/01/02, 11:42:48.237, 16286543887534, testhost.dll, AssemblyResolver.OnResolve: Microsoft.Data.SqlClient.resources: Assembly path does not exist: 'C:\Users\Gokul\source\repos\Petzey.ViewAllPets.Service\ViewAllPet\bin\Debug\net6.0\fine-code-coverage\build-output\Microsoft.Data.SqlClient.resources.dll', returning.
TpTrace Information: 0 : 27256, 4, 2023/01/02, 11:42:48.237, 16286543887891, testhost.dll, AssemblyResolver.OnResolve: Microsoft.Data.SqlClient.resources: Assembly path does not exist: 'C:\Users\Gokul\source\repos\Petzey.ViewAllPets.Service\ViewAllPet\bin\Debug\net6.0\fine-code-coverage\build-output\Microsoft.Data.SqlClient.resources.exe', returning.
TpTrace Information: 0 : 27256, 4, 2023/01/02, 11:42:48.237, 16286543888083, testhost.dll, AssemblyResolver.OnResolve: Microsoft.Data.SqlClient.resources: Failed to load assembly.
TpTrace Information: 0 : 27256, 4, 2023/01/02, 11:42:48.237, 16286543889171, testhost.dll, AssemblyResolver.OnResolve: Microsoft.Data.SqlClient.resources: Resolving assembly.
TpTrace Information: 0 : 27256, 4, 2023/01/02, 11:42:48.237, 16286543889380, testhost.dll, AssemblyResolver.OnResolve: Microsoft.Data.SqlClient.resources: Resolved from cache.
TpTrace Information: 0 : 27256, 4, 2023/01/02, 11:42:48.239, 16286543902369, testhost.dll, AssemblyResolver.OnResolve: Microsoft.Data.SqlClient.resources: Resolving assembly.
TpTrace Information: 0 : 27256, 4, 2023/01/02, 11:42:48.239, 16286543902796, testhost.dll, AssemblyResolver.OnResolve: Microsoft.Data.SqlClient.resources: Resolved from cache.
TpTrace Information: 0 : 27256, 4, 2023/01/02, 11:42:48.239, 16286543903440, testhost.dll, AssemblyResolver.OnResolve: Microsoft.Data.SqlClient.resources: Resolving assembly.
TpTrace Information: 0 : 27256, 4, 2023/01/02, 11:42:48.239, 16286543903640, testhost.dll, AssemblyResolver.OnResolve: Microsoft.Data.SqlClient.resources: Resolved from cache.
TpTrace Information: 0 : 27256, 9, 2023/01/02, 11:42:48.435, 16286545862658, testhost.dll, Sending test run statistics
TpTrace Verbose: 0 : 27256, 9, 2023/01/02, 11:42:48.451, 16286546020326, testhost.dll, TestRequestHandler.SendData: sending data from testhost: {"Version":7,"MessageType":"TestExecution.StatsChange","Payload":{"NewTestResults":[],"TestRunStatistics":{"ExecutedTests":0,"Stats":{}},"ActiveTests":[{"Id":"9ad34625-c7b3-5ce5-9890-e9295265bdfb","FullyQualifiedName":"ViewAllPet.UnitTest1.TestMethod1","DisplayName":"TestMethod1","ExecutorUri":"executor://MSTestAdapter/v2","Source":"C:\\Users\\Gokul\\source\\repos\\Petzey.ViewAllPets.Service\\ViewAllPet\\bin\\Debug\\net6.0\\fine-code-coverage\\build-output\\ViewAllPet.dll","CodeFilePath":null,"LineNumber":-1,"Properties":[{"Key":{"Id":"TestCase.ManagedType","Label":"ManagedType","Category":"","Description":"","Attributes":1,"ValueType":"System.String"},"Value":"ViewAllPet.UnitTest1"},{"Key":{"Id":"TestCase.ManagedMethod","Label":"ManagedMethod","Category":"","Description":"","Attributes":1,"ValueType":"System.String"},"Value":"TestMethod1"},{"Key":{"Id":"MSTestDiscoverer.TestClassName","Label":"ClassName","Category":"","Description":"","Attributes":1,"ValueType":"System.String"},"Value":"ViewAllPet.UnitTest1"},{"Key":{"Id":"TestCase.Hierarchy","Label":"Hierarchy","Category":"","Description":"","Attributes":2,"ValueType":"System.String[]"},"Value":["ViewAllPet","UnitTest1"]},{"Key":{"Id":"TestObject.Traits","Label":"Traits","Category":"","Description":"","Attributes":5,"ValueType":"System.Collections.Generic.KeyValuePair`2[[System.String],[System.String]][]"},"Value":[]}]}]}}
TpTrace Verbose: 0 : 27256, 9, 2023/01/02, 11:42:48.451, 16286546022171, testhost.dll, TestRunCache: OnNewTestResult: Notified the onCacheHit callback.
TpTrace Verbose: 0 : 27256, 11, 2023/01/02, 11:42:48.931, 16286550828913, testhost.dll, TcpClientExtensions.MessageLoopAsync: Polling on remoteEndPoint: [::ffff:127.0.0.1]:51421 localEndPoint: [::ffff:127.0.0.1]:51422
TpTrace Information: 0 : 27256, 4, 2023/01/02, 11:42:49.434, 16286555857817, testhost.dll, MSTest - Executed test TestMethod1
TpTrace Verbose: 0 : 27256, 4, 2023/01/02, 11:42:49.437, 16286555885362, testhost.dll, TestExecutionRecorder.RecordEnd: test: ViewAllPet.UnitTest1.TestMethod1 execution completed.
TpTrace Warning: 0 : 27256, 4, 2023/01/02, 11:42:49.437, 16286555887945, testhost.dll, TestRunCache: InProgressTests is null
TpTrace Verbose: 0 : 27256, 4, 2023/01/02, 11:42:49.449, 16286556009772, testhost.dll, MulticastDelegateUtilities.SafeInvoke: TestCaseEventsHandler.RaiseTestCaseEnd: Invoking callback 1/1 for Microsoft.VisualStudio.TestPlatform.CrossPlatEngine.DataCollection.ProxyOutOfProcDataCollectionManager.TriggerTestCaseEnd, took 11 ms.
TpTrace Verbose: 0 : 27256, 4, 2023/01/02, 11:42:49.450, 16286556017737, testhost.dll, TestExecutionRecorder.RecordResult: Received result for test: ViewAllPet.UnitTest1.TestMethod1.
TpTrace Verbose: 0 : 27256, 4, 2023/01/02, 11:42:49.452, 16286556030544, testhost.dll, MulticastDelegateUtilities.SafeInvoke: TestCaseEventsHandler.RaiseTestCaseEnd: Invoking callback 1/1 for Microsoft.VisualStudio.TestPlatform.CrossPlatEngine.DataCollection.ProxyOutOfProcDataCollectionManager.TriggerSendTestResult, took 1 ms.
TpTrace Warning: 0 : 27256, 4, 2023/01/02, 11:42:49.454, 16286556050550, testhost.dll, TestRunCache: InProgressTests is null
TpTrace Warning: 0 : 27256, 4, 2023/01/02, 11:42:49.454, 16286556051570, testhost.dll, TestRunCache: No test found corresponding to testResult 'TestMethod1' in inProgress list.
TpTrace Verbose: 0 : 27256, 4, 2023/01/02, 11:42:49.454, 16286556052363, testhost.dll, TestExecutionRecorder.RecordStart: Starting test: ViewAllPet.UnitTest1.TestMethod2.
TpTrace Verbose: 0 : 27256, 4, 2023/01/02, 11:42:49.462, 16286556134315, testhost.dll, MulticastDelegateUtilities.SafeInvoke: TestCaseEventsHandler.RaiseTestCaseStart: Invoking callback 1/1 for Microsoft.VisualStudio.TestPlatform.CrossPlatEngine.DataCollection.ProxyOutOfProcDataCollectionManager.TriggerTestCaseStart, took 8 ms.
TpTrace Information: 0 : 27256, 4, 2023/01/02, 11:42:49.462, 16286556135666, testhost.dll, MSTest - Executing test TestMethod2
TpTrace Information: 0 : 27256, 4, 2023/01/02, 11:42:49.463, 16286556145936, testhost.dll, MSTest - Executed test TestMethod2
TpTrace Verbose: 0 : 27256, 4, 2023/01/02, 11:42:49.463, 16286556146904, testhost.dll, TestExecutionRecorder.RecordEnd: test: ViewAllPet.UnitTest1.TestMethod2 execution completed.
TpTrace Verbose: 0 : 27256, 4, 2023/01/02, 11:42:49.465, 16286556164180, testhost.dll, MulticastDelegateUtilities.SafeInvoke: TestCaseEventsHandler.RaiseTestCaseEnd: Invoking callback 1/1 for Microsoft.VisualStudio.TestPlatform.CrossPlatEngine.DataCollection.ProxyOutOfProcDataCollectionManager.TriggerTestCaseEnd, took 1 ms.
TpTrace Verbose: 0 : 27256, 4, 2023/01/02, 11:42:49.465, 16286556165408, testhost.dll, TestExecutionRecorder.RecordResult: Received result for test: ViewAllPet.UnitTest1.TestMethod2.
TpTrace Verbose: 0 : 27256, 4, 2023/01/02, 11:42:49.465, 16286556166119, testhost.dll, MulticastDelegateUtilities.SafeInvoke: TestCaseEventsHandler.RaiseTestCaseEnd: Invoking callback 1/1 for Microsoft.VisualStudio.TestPlatform.CrossPlatEngine.DataCollection.ProxyOutOfProcDataCollectionManager.TriggerSendTestResult, took 0 ms.
TpTrace Warning: 0 : 27256, 4, 2023/01/02, 11:42:49.465, 16286556166523, testhost.dll, TestRunCache: InProgressTests is null
TpTrace Warning: 0 : 27256, 4, 2023/01/02, 11:42:49.465, 16286556166751, testhost.dll, TestRunCache: No test found corresponding to testResult 'TestMethod2' in inProgress list.
TpTrace Information: 0 : 27256, 4, 2023/01/02, 11:42:49.465, 16286556168767, testhost.dll, MSTest - Executing cleanup methods.
TpTrace Information: 0 : 27256, 4, 2023/01/02, 11:42:49.466, 16286556179731, testhost.dll, MSTest - Executed cleanup methods.
TpTrace Information: 0 : 27256, 4, 2023/01/02, 11:42:49.467, 16286556180228, testhost.dll, MSTest - Executed tests belonging to source C:\Users\Gokul\source\repos\Petzey.ViewAllPets.Service\ViewAllPet\bin\Debug\net6.0\fine-code-coverage\build-output\ViewAllPet.dll
TpTrace Information: 0 : 27256, 4, 2023/01/02, 11:42:49.467, 16286556182263, testhost.dll, Deleting deployment directory C:\Users\Gokul\source\repos\Petzey.ViewAllPets.Service\ViewAllPet\bin\Debug\net6.0\fine-code-coverage\coverage-tool-output\Deploy_Gokul 2023-01-02 11_42_47
TpTrace Information: 0 : 27256, 4, 2023/01/02, 11:42:49.468, 16286556195293, testhost.dll, Deleted deployment directory C:\Users\Gokul\source\repos\Petzey.ViewAllPets.Service\ViewAllPet\bin\Debug\net6.0\fine-code-coverage\coverage-tool-output\Deploy_Gokul 2023-01-02 11_42_47
TpTrace Verbose: 0 : 27256, 4, 2023/01/02, 11:42:49.468, 16286556199682, testhost.dll, BaseRunTests.RunTestInternalWithExecutors: Completed running tests for executor://MSTestAdapter/v2
TpTrace Verbose: 0 : 27256, 4, 2023/01/02, 11:42:49.470, 16286556210431, testhost.dll, MulticastDelegateUtilities.SafeInvoke: TestCaseEventsHandler.RaiseSessionEnd: Invoking callback 1/1 for Microsoft.VisualStudio.TestPlatform.CrossPlatEngine.DataCollection.ProxyOutOfProcDataCollectionManager.TriggerTestSessionEnd, took 0 ms.
TpTrace Information: 0 : 27256, 4, 2023/01/02, 11:42:49.472, 16286556237076, testhost.dll, Sending test run complete
TpTrace Verbose: 0 : 27256, 4, 2023/01/02, 11:42:49.489, 16286556401776, testhost.dll, TestRequestHandler.SendData: sending data from testhost: {"Version":7,"MessageType":"TestExecution.Completed","Payload":{"TestRunCompleteArgs":{"TestRunStatistics":{"ExecutedTests":2,"Stats":{"Passed":2}},"IsCanceled":false,"IsAborted":false,"Error":null,"AttachmentSets":[],"InvokedDataCollectors":[],"ElapsedTimeInRunningTests":"00:00:02.4741389","Metrics":{},"DiscoveredExtensions":{"TestDiscoverers":["Microsoft.VisualStudio.TestPlatform.MSTest.TestAdapter.MSTestDiscoverer, Microsoft.VisualStudio.TestPlatform.MSTest.TestAdapter, Version=14.0.0.0, Culture=neutral, PublicKeyToken=b03f5f7f11d50a3a"],"TestExecutors":["executor://MSTestAdapter/v2"],"TestExecutors2":[],"TestSettingsProviders":[]}},"LastRunTests":{"NewTestResults":[{"TestCase":{"Id":"9ad34625-c7b3-5ce5-9890-e9295265bdfb","FullyQualifiedName":"ViewAllPet.UnitTest1.TestMethod1","DisplayName":"TestMethod1","ExecutorUri":"executor://MSTestAdapter/v2","Source":"C:\\Users\\Gokul\\source\\repos\\Petzey.ViewAllPets.Service\\ViewAllPet\\bin\\Debug\\net6.0\\fine-code-coverage\\build-output\\ViewAllPet.dll","CodeFilePath":null,"LineNumber":-1,"Properties":[{"Key":{"Id":"TestCase.ManagedType","Label":"ManagedType","Category":"","Description":"","Attributes":1,"ValueType":"System.String"},"Value":"ViewAllPet.UnitTest1"},{"Key":{"Id":"TestCase.ManagedMethod","Label":"ManagedMethod","Category":"","Description":"","Attributes":1,"ValueType":"System.String"},"Value":"TestMethod1"},{"Key":{"Id":"MSTestDiscoverer.TestClassName","Label":"ClassName","Category":"","Description":"","Attributes":1,"ValueType":"System.String"},"Value":"ViewAllPet.UnitTest1"},{"Key":{"Id":"TestCase.Hierarchy","Label":"Hierarchy","Category":"","Description":"","Attributes":2,"ValueType":"System.String[]"},"Value":["ViewAllPet","UnitTest1"]},{"Key":{"Id":"TestObject.Traits","Label":"Traits","Category":"","Description":"","Attributes":5,"ValueType":"System.Collections.Generic.KeyValuePair`2[[System.String],[System.String]][]"},"Value":[]}]},"Attachments":[],"Outcome":1,"ErrorMessage":null,"ErrorStackTrace":null,"DisplayName":"TestMethod1","Messages":[],"ComputerName":null,"Duration":"00:00:02.2349068","StartTime":"2023-01-02T11:42:47.1847215+05:30","EndTime":"2023-01-02T11:42:49.4348626+05:30","Properties":[{"Key":{"Id":"ExecutionId","Label":"ExecutionId","Category":"","Description":"","Attributes":1,"ValueType":"System.Guid"},"Value":"00000000-0000-0000-0000-000000000000"},{"Key":{"Id":"ParentExecId","Label":"ParentExecId","Category":"","Description":"","Attributes":1,"ValueType":"System.Guid"},"Value":"00000000-0000-0000-0000-000000000000"},{"Key":{"Id":"InnerResultsCount","Label":"InnerResultsCount","Category":"","Description":"","Attributes":1,"ValueType":"System.Int32"},"Value":0}]},{"TestCase":{"Id":"d2349a66-f051-722c-8a11-4af145d289c9","FullyQualifiedName":"ViewAllPet.UnitTest1.TestMethod2","DisplayName":"TestMethod2","ExecutorUri":"executor://MSTestAdapter/v2","Source":"C:\\Users\\Gokul\\source\\repos\\Petzey.ViewAllPets.Service\\ViewAllPet\\bin\\Debug\\net6.0\\fine-code-coverage\\build-output\\ViewAllPet.dll","CodeFilePath":null,"LineNumber":-1,"Properties":[{"Key":{"Id":"TestCase.ManagedType","Label":"ManagedType","Category":"","Description":"","Attributes":1,"ValueType":"System.String"},"Value":"ViewAllPet.UnitTest1"},{"Key":{"Id":"TestCase.ManagedMethod","Label":"ManagedMethod","Category":"","Description":"","Attributes":1,"ValueType":"System.String"},"Value":"TestMethod2"},{"Key":{"Id":"MSTestDiscoverer.TestClassName","Label":"ClassName","Category":"","Description":"","Attributes":1,"ValueType":"System.String"},"Value":"ViewAllPet.UnitTest1"},{"Key":{"Id":"TestCase.Hierarchy","Label":"Hierarchy","Category":"","Description":"","Attributes":2,"ValueType":"System.String[]"},"Value":["ViewAllPet","UnitTest1"]},{"Key":{"Id":"TestObject.Traits","Label":"Traits","Category":"","Description":"","Attributes":5,"ValueType":"System.Collections.Generic.KeyValuePair`2[[System.String],[System.String]][]"},"Value":[]}]},"Attachments":[],"Outcome":1,"ErrorMessage":null,"ErrorStackTrace":null,"DisplayName":"TestMethod2","Messages":[],"ComputerName":null,"Duration":"00:00:00.0005978","StartTime":"2023-01-02T11:42:49.4625449+05:30","EndTime":"2023-01-02T11:42:49.4636506+05:30","Properties":[{"Key":{"Id":"ExecutionId","Label":"ExecutionId","Category":"","Description":"","Attributes":1,"ValueType":"System.Guid"},"Value":"00000000-0000-0000-0000-000000000000"},{"Key":{"Id":"ParentExecId","Label":"ParentExecId","Category":"","Description":"","Attributes":1,"ValueType":"System.Guid"},"Value":"00000000-0000-0000-0000-000000000000"},{"Key":{"Id":"InnerResultsCount","Label":"InnerResultsCount","Category":"","Description":"","Attributes":1,"ValueType":"System.Int32"},"Value":0}]}],"TestRunStatistics":{"ExecutedTests":2,"Stats":{"Passed":2}},"ActiveTests":[]},"RunAttachments":[],"ExecutorUris":["executor://mstestadapter/v2"]}}
TpTrace Verbose: 0 : 27256, 4, 2023/01/02, 11:42:49.489, 16286556405314, testhost.dll, BaseRunTests.RunTests: Run is complete.
TpTrace Verbose: 0 : 27256, 11, 2023/01/02, 11:42:49.490, 16286556410616, testhost.dll, TcpClientExtensions.MessageLoopAsync: NotifyDataAvailable remoteEndPoint: [::ffff:127.0.0.1]:51421 localEndPoint: [::ffff:127.0.0.1]:51422
TpTrace Information: 0 : 27256, 11, 2023/01/02, 11:42:49.490, 16286556411692, testhost.dll, TestRequestHandler.OnMessageReceived: received message: (TestSession.Terminate) -> {"MessageType":"TestSession.Terminate","Payload":null}
TpTrace Information: 0 : 27256, 11, 2023/01/02, 11:42:49.490, 16286556412040, testhost.dll, Session End message received from server. Closing the connection.
TpTrace Information: 0 : 27256, 11, 2023/01/02, 11:42:49.490, 16286556414283, testhost.dll, SocketClient.Stop: Stop communication from server endpoint: 127.0.0.1:051421
TpTrace Information: 0 : 27256, 11, 2023/01/02, 11:42:49.490, 16286556414700, testhost.dll, SocketClient: Stop: Cancellation requested. Stopping message loop.
TpTrace Verbose: 0 : 27256, 11, 2023/01/02, 11:42:49.490, 16286556415437, testhost.dll, LengthPrefixCommunicationChannel.Dispose: Dispose reader and writer.
TpTrace Information: 0 : 27256, 11, 2023/01/02, 11:42:49.490, 16286556415764, testhost.dll, Closing the connection !
TpTrace Verbose: 0 : 27256, 11, 2023/01/02, 11:42:49.490, 16286556416014, testhost.dll, MulticastDelegateUtilities.SafeInvoke: LengthPrefixCommunicationChannel: MessageReceived: Invoking callback 1/1 for Microsoft.VisualStudio.TestPlatform.CommunicationUtilities.TestRequestHandler.OnMessageReceived, took 0 ms.
TpTrace Information: 0 : 27256, 11, 2023/01/02, 11:42:49.490, 16286556417969, testhost.dll, SocketClient.PrivateStop: Stop communication from server endpoint: 127.0.0.1:051421, error:
TpTrace Verbose: 0 : 27256, 11, 2023/01/02, 11:42:49.491, 16286556421325, testhost.dll, LengthPrefixCommunicationChannel.Dispose: Dispose reader and writer.
TpTrace Information: 0 : 27256, 1, 2023/01/02, 11:42:49.491, 16286556421302, testhost.dll, Closing the connection!
TpTrace Verbose: 0 : 27256, 11, 2023/01/02, 11:42:49.491, 16286556421913, testhost.dll, TcpClientExtensions.MessageLoopAsync: exiting MessageLoopAsync remoteEndPoint: [::ffff:127.0.0.1]:51421 localEndPoint: [::ffff:127.0.0.1]:51422
TpTrace Information: 0 : 27256, 1, 2023/01/02, 11:42:49.491, 16286556422602, testhost.dll, SocketClient.Stop: Stop communication from server endpoint: 127.0.0.1:051421
TpTrace Verbose: 0 : 27256, 1, 2023/01/02, 11:42:49.491, 16286556422964, testhost.dll, LengthPrefixCommunicationChannel.Dispose: Dispose reader and writer.
TpTrace Information: 0 : 27256, 1, 2023/01/02, 11:42:49.491, 16286556423740, testhost.dll, Testhost process exiting.
